{"C:\\Users\\LYNA\\Desktop\\M1\\CAW\\TP\\TP5\\moy.js": {"path":"C:\\Users\\LYNA\\Desktop\\M1\\CAW\\TP\\TP5\\moy.js","statementMap":{"0":{"start":{"line":1,"column":11},"end":{"line":7,"column":1}},"1":{"start":{"line":2,"column":10},"end":{"line":2,"column":11}},"2":{"start":{"line":3,"column":4},"end":{"line":5,"column":5}},"3":{"start":{"line":3,"column":14},"end":{"line":3,"column":15}},"4":{"start":{"line":4,"column":8},"end":{"line":4,"column":17}},"5":{"start":{"line":6,"column":4},"end":{"line":6,"column":21}},"6":{"start":{"line":9,"column":0},"end":{"line":9,"column":19}}},"fnMap":{"0":{"name":"moyenne","decl":{"start":{"line":1,"column":20},"end":{"line":1,"column":27}},"loc":{"start":{"line":1,"column":30},"end":{"line":7,"column":1}},"line":1}},"branchMap":{},"s":{"0":1,"1":1,"2":1,"3":1,"4":3,"5":1,"6":1},"f":{"0":1},"b":{},"_coverageSchema":"1a1c01bbd47fc00a2c39e90264f33305004495a9","hash":"4ebbabd6d175f34880fb8c5a571fc460f03e4c5c"}
,"C:\\Users\\LYNA\\Desktop\\M1\\CAW\\TP\\TP5\\sum.js": {"path":"C:\\Users\\LYNA\\Desktop\\M1\\CAW\\TP\\TP5\\sum.js","statementMap":{"0":{"start":{"line":1,"column":12},"end":{"line":7,"column":1}},"1":{"start":{"line":2,"column":14},"end":{"line":2,"column":16}},"2":{"start":{"line":3,"column":4},"end":{"line":5,"column":5}},"3":{"start":{"line":3,"column":14},"end":{"line":3,"column":15}},"4":{"start":{"line":4,"column":8},"end":{"line":4,"column":19}},"5":{"start":{"line":6,"column":4},"end":{"line":6,"column":14}},"6":{"start":{"line":9,"column":0},"end":{"line":9,"column":20}}},"fnMap":{"0":{"name":"exf","decl":{"start":{"line":1,"column":21},"end":{"line":1,"column":24}},"loc":{"start":{"line":1,"column":29},"end":{"line":7,"column":1}},"line":1}},"branchMap":{},"s":{"0":1,"1":3,"2":3,"3":3,"4":6,"5":3,"6":1},"f":{"0":3},"b":{},"_coverageSchema":"1a1c01bbd47fc00a2c39e90264f33305004495a9","hash":"61a760452d882cebc50642182c8e943810ea4f28"}
}
